<testExecutions version="1">
  <file path="src\tests\unit\test.spec.ts">
    <testCase name="My Test Suite - should pass this sample test" duration="1" />
  </file>
</testExecutions>